[2025-11-18T16:25:36.165+0000] {taskinstance.py:1956} INFO - Dependencies all met for dep_context=non-requeueable deps ti=<TaskInstance: training_pipeline.save_to_hdfs manual__2025-11-18T16:25:22.392672+00:00 [queued]>
[2025-11-18T16:25:36.173+0000] {taskinstance.py:1956} INFO - Dependencies all met for dep_context=requeueable deps ti=<TaskInstance: training_pipeline.save_to_hdfs manual__2025-11-18T16:25:22.392672+00:00 [queued]>
[2025-11-18T16:25:36.174+0000] {taskinstance.py:2170} INFO - Starting attempt 1 of 1
[2025-11-18T16:25:36.184+0000] {taskinstance.py:2191} INFO - Executing <Task(DockerOperator): save_to_hdfs> on 2025-11-18 16:25:22.392672+00:00
[2025-11-18T16:25:36.191+0000] {standard_task_runner.py:60} INFO - Started process 231 to run task
[2025-11-18T16:25:36.193+0000] {standard_task_runner.py:87} INFO - Running: ['***', 'tasks', 'run', 'training_pipeline', 'save_to_hdfs', 'manual__2025-11-18T16:25:22.392672+00:00', '--job-id', '7', '--raw', '--subdir', 'DAGS_FOLDER/train.py', '--cfg-path', '/tmp/tmpaevlp28m']
[2025-11-18T16:25:36.195+0000] {standard_task_runner.py:88} INFO - Job 7: Subtask save_to_hdfs
[2025-11-18T16:25:36.239+0000] {task_command.py:423} INFO - Running <TaskInstance: training_pipeline.save_to_hdfs manual__2025-11-18T16:25:22.392672+00:00 [running]> on host e71eaf5885cb
[2025-11-18T16:25:36.311+0000] {taskinstance.py:2480} INFO - Exporting env vars: AIRFLOW_CTX_DAG_OWNER='***' AIRFLOW_CTX_DAG_ID='training_pipeline' AIRFLOW_CTX_TASK_ID='save_to_hdfs' AIRFLOW_CTX_EXECUTION_DATE='2025-11-18T16:25:22.392672+00:00' AIRFLOW_CTX_TRY_NUMBER='1' AIRFLOW_CTX_DAG_RUN_ID='manual__2025-11-18T16:25:22.392672+00:00'
[2025-11-18T16:25:36.373+0000] {docker.py:359} INFO - Starting docker container from image spark-jobs:latest
[2025-11-18T16:25:39.333+0000] {docker.py:429} INFO - :: loading settings :: url = jar:file:/opt/spark/jars/ivy-2.5.1.jar!/org/apache/ivy/core/settings/ivysettings.xml
[2025-11-18T16:25:39.421+0000] {docker.py:429} INFO - Ivy Default Cache set to: /root/.ivy2/cache
The jars for the packages stored in: /root/.ivy2/jars
[2025-11-18T16:25:39.425+0000] {docker.py:429} INFO - org.apache.spark#spark-sql-kafka-0-10_2.12 added as a dependency
[2025-11-18T16:25:39.426+0000] {docker.py:429} INFO - :: resolving dependencies :: org.apache.spark#spark-submit-parent-afc4ed1c-fe04-4355-aeab-7519b02952a6;1.0
	confs: [default]
[2025-11-18T16:25:41.472+0000] {docker.py:429} INFO - found org.apache.spark#spark-sql-kafka-0-10_2.12;3.5.0 in central
[2025-11-18T16:25:41.737+0000] {docker.py:429} INFO - found org.apache.spark#spark-token-provider-kafka-0-10_2.12;3.5.0 in central
[2025-11-18T16:25:41.947+0000] {docker.py:429} INFO - found org.apache.kafka#kafka-clients;3.4.1 in central
[2025-11-18T16:25:42.135+0000] {docker.py:429} INFO - found org.lz4#lz4-java;1.8.0 in central
[2025-11-18T16:25:42.324+0000] {docker.py:429} INFO - found org.xerial.snappy#snappy-java;1.1.10.3 in central
[2025-11-18T16:25:43.109+0000] {docker.py:429} INFO - found org.slf4j#slf4j-api;2.0.7 in central
[2025-11-18T16:25:43.799+0000] {docker.py:429} INFO - found org.apache.hadoop#hadoop-client-runtime;3.3.4 in central
[2025-11-18T16:25:43.942+0000] {docker.py:429} INFO - found org.apache.hadoop#hadoop-client-api;3.3.4 in central
[2025-11-18T16:25:44.926+0000] {docker.py:429} INFO - found commons-logging#commons-logging;1.1.3 in central
[2025-11-18T16:25:45.055+0000] {docker.py:429} INFO - found com.google.code.findbugs#jsr305;3.0.0 in central
[2025-11-18T16:25:46.129+0000] {docker.py:429} INFO - found org.apache.commons#commons-pool2;2.11.1 in central
[2025-11-18T16:25:46.185+0000] {docker.py:429} INFO - downloading https://repo1.maven.org/maven2/org/apache/spark/spark-sql-kafka-0-10_2.12/3.5.0/spark-sql-kafka-0-10_2.12-3.5.0.jar ...
[2025-11-18T16:25:46.386+0000] {docker.py:429} INFO - [SUCCESSFUL ] org.apache.spark#spark-sql-kafka-0-10_2.12;3.5.0!spark-sql-kafka-0-10_2.12.jar (252ms)
[2025-11-18T16:25:46.448+0000] {docker.py:429} INFO - downloading https://repo1.maven.org/maven2/org/apache/spark/spark-token-provider-kafka-0-10_2.12/3.5.0/spark-token-provider-kafka-0-10_2.12-3.5.0.jar ...
[2025-11-18T16:25:46.508+0000] {docker.py:429} INFO - [SUCCESSFUL ] org.apache.spark#spark-token-provider-kafka-0-10_2.12;3.5.0!spark-token-provider-kafka-0-10_2.12.jar (121ms)
[2025-11-18T16:25:46.578+0000] {docker.py:429} INFO - downloading https://repo1.maven.org/maven2/org/apache/kafka/kafka-clients/3.4.1/kafka-clients-3.4.1.jar ...
[2025-11-18T16:25:47.253+0000] {docker.py:429} INFO - [SUCCESSFUL ] org.apache.kafka#kafka-clients;3.4.1!kafka-clients.jar (745ms)
[2025-11-18T16:25:47.319+0000] {docker.py:429} INFO - downloading https://repo1.maven.org/maven2/com/google/code/findbugs/jsr305/3.0.0/jsr305-3.0.0.jar ...
[2025-11-18T16:25:47.373+0000] {docker.py:429} INFO - [SUCCESSFUL ] com.google.code.findbugs#jsr305;3.0.0!jsr305.jar (118ms)
[2025-11-18T16:25:47.427+0000] {docker.py:429} INFO - downloading https://repo1.maven.org/maven2/org/apache/commons/commons-pool2/2.11.1/commons-pool2-2.11.1.jar ...
[2025-11-18T16:25:47.511+0000] {docker.py:429} INFO - [SUCCESSFUL ] org.apache.commons#commons-pool2;2.11.1!commons-pool2.jar (133ms)
[2025-11-18T16:25:47.562+0000] {docker.py:429} INFO - downloading https://repo1.maven.org/maven2/org/apache/hadoop/hadoop-client-runtime/3.3.4/hadoop-client-runtime-3.3.4.jar ...
[2025-11-18T16:25:50.176+0000] {docker.py:429} INFO - [SUCCESSFUL ] org.apache.hadoop#hadoop-client-runtime;3.3.4!hadoop-client-runtime.jar (2669ms)
[2025-11-18T16:25:50.229+0000] {docker.py:429} INFO - downloading https://repo1.maven.org/maven2/org/lz4/lz4-java/1.8.0/lz4-java-1.8.0.jar ...
[2025-11-18T16:25:50.355+0000] {docker.py:429} INFO - [SUCCESSFUL ] org.lz4#lz4-java;1.8.0!lz4-java.jar (179ms)
[2025-11-18T16:25:50.407+0000] {docker.py:429} INFO - downloading https://repo1.maven.org/maven2/org/xerial/snappy/snappy-java/1.1.10.3/snappy-java-1.1.10.3.jar ...
[2025-11-18T16:25:50.634+0000] {docker.py:429} INFO - [SUCCESSFUL ] org.xerial.snappy#snappy-java;1.1.10.3!snappy-java.jar(bundle) (278ms)
[2025-11-18T16:25:50.690+0000] {docker.py:429} INFO - downloading https://repo1.maven.org/maven2/org/slf4j/slf4j-api/2.0.7/slf4j-api-2.0.7.jar ...
[2025-11-18T16:25:50.757+0000] {docker.py:429} INFO - [SUCCESSFUL ] org.slf4j#slf4j-api;2.0.7!slf4j-api.jar (122ms)
[2025-11-18T16:25:50.814+0000] {docker.py:429} INFO - downloading https://repo1.maven.org/maven2/org/apache/hadoop/hadoop-client-api/3.3.4/hadoop-client-api-3.3.4.jar ...
[2025-11-18T16:25:52.558+0000] {docker.py:429} INFO - [SUCCESSFUL ] org.apache.hadoop#hadoop-client-api;3.3.4!hadoop-client-api.jar (1801ms)
[2025-11-18T16:25:52.607+0000] {docker.py:429} INFO - downloading https://repo1.maven.org/maven2/commons-logging/commons-logging/1.1.3/commons-logging-1.1.3.jar ...
[2025-11-18T16:25:52.662+0000] {docker.py:429} INFO - [SUCCESSFUL ] commons-logging#commons-logging;1.1.3!commons-logging.jar (102ms)
[2025-11-18T16:25:52.664+0000] {docker.py:429} INFO - :: resolution report :: resolve 6707ms :: artifacts dl 6528ms
	:: modules in use:
[2025-11-18T16:25:52.665+0000] {docker.py:429} INFO - com.google.code.findbugs#jsr305;3.0.0 from central in [default]
	commons-logging#commons-logging;1.1.3 from central in [default]
	org.apache.commons#commons-pool2;2.11.1 from central in [default]
	org.apache.hadoop#hadoop-client-api;3.3.4 from central in [default]
	org.apache.hadoop#hadoop-client-runtime;3.3.4 from central in [default]
	org.apache.kafka#kafka-clients;3.4.1 from central in [default]
	org.apache.spark#spark-sql-kafka-0-10_2.12;3.5.0 from central in [default]
	org.apache.spark#spark-token-provider-kafka-0-10_2.12;3.5.0 from central in [default]
[2025-11-18T16:25:52.666+0000] {docker.py:429} INFO - org.lz4#lz4-java;1.8.0 from central in [default]
	org.slf4j#slf4j-api;2.0.7 from central in [default]
[2025-11-18T16:25:52.667+0000] {docker.py:429} INFO - org.xerial.snappy#snappy-java;1.1.10.3 from central in [default]
[2025-11-18T16:25:52.668+0000] {docker.py:429} INFO - ---------------------------------------------------------------------
	|                  |            modules            ||   artifacts   |
[2025-11-18T16:25:52.668+0000] {docker.py:429} INFO - |       conf       | number| search|dwnlded|evicted|| number|dwnlded|
	---------------------------------------------------------------------
[2025-11-18T16:25:52.669+0000] {docker.py:429} INFO - |      default     |   11  |   11  |   11  |   0   ||   11  |   11  |
	---------------------------------------------------------------------
[2025-11-18T16:25:52.670+0000] {docker.py:429} INFO - :: retrieving :: org.apache.spark#spark-submit-parent-afc4ed1c-fe04-4355-aeab-7519b02952a6
	confs: [default]
[2025-11-18T16:25:52.740+0000] {docker.py:429} INFO - 11 artifacts copied, 0 already retrieved (56767kB/71ms)
[2025-11-18T16:25:53.001+0000] {docker.py:429} INFO - 25/11/18 16:25:52 WARN NativeCodeLoader: Unable to load native-hadoop library for your platform... using builtin-java classes where applicable
[2025-11-18T16:25:53.222+0000] {docker.py:429} INFO - Setting default log level to "WARN".
To adjust logging level use sc.setLogLevel(newLevel). For SparkR, use setLogLevel(newLevel).
[2025-11-18T16:25:55.091+0000] {docker.py:429} INFO - 2025-11-18 16:25:55,090 - INFO - Starting Spark Session creation...
2025-11-18 16:25:55,090 - INFO - Spark Session created successfully
2025-11-18 16:25:55,090 - INFO - Reading data from Kafka topic 'historical_prices'...
[2025-11-18T16:25:58.596+0000] {docker.py:429} INFO - 25/11/18 16:25:58 WARN AdminClientConfig: These configurations '[key.deserializer, value.deserializer, enable.auto.commit, max.poll.records, auto.offset.reset]' were supplied but are not used yet.
[2025-11-18T16:26:00.335+0000] {docker.py:429} INFO - [Stage 0:>                                                          (0 + 1) / 1]
[2025-11-18T16:26:04.325+0000] {docker.py:429} INFO - 
[2025-11-18T16:26:04.332+0000] {docker.py:429} INFO - 2025-11-18 16:26:04,331 - INFO - Read 251 records from Kafka
2025-11-18 16:26:04,331 - INFO - Parsing JSON data with schema...
[2025-11-18T16:26:04.592+0000] {docker.py:429} INFO - 25/11/18 16:26:04 WARN AdminClientConfig: These configurations '[key.deserializer, value.deserializer, enable.auto.commit, max.poll.records, auto.offset.reset]' were supplied but are not used yet.
[2025-11-18T16:26:05.340+0000] {docker.py:429} INFO - [Stage 3:>                                                          (0 + 1) / 1]
[2025-11-18T16:26:05.509+0000] {docker.py:429} INFO - 
[2025-11-18T16:26:05.523+0000] {docker.py:429} INFO - 2025-11-18 16:26:05,521 - INFO - Parsed 251 records successfully
2025-11-18 16:26:05,521 - INFO - Processing timestamps and creating partitions...
[2025-11-18T16:26:05.633+0000] {docker.py:429} INFO - 25/11/18 16:26:05 WARN AdminClientConfig: These configurations '[key.deserializer, value.deserializer, enable.auto.commit, max.poll.records, auto.offset.reset]' were supplied but are not used yet.
[2025-11-18T16:26:06.343+0000] {docker.py:429} INFO - [Stage 6:>                                                          (0 + 1) / 1]
[2025-11-18T16:26:06.446+0000] {docker.py:429} INFO - 
[2025-11-18T16:26:06.449+0000] {docker.py:429} INFO - 2025-11-18 16:26:06,447 - INFO - Processed 251 records with partitioning columns
2025-11-18 16:26:06,448 - INFO - Sample of processed data:
[2025-11-18T16:26:06.547+0000] {docker.py:429} INFO - 25/11/18 16:26:06 WARN AdminClientConfig: These configurations '[key.deserializer, value.deserializer, enable.auto.commit, max.poll.records, auto.offset.reset]' were supplied but are not used yet.
[2025-11-18T16:26:07.343+0000] {docker.py:429} INFO - [Stage 9:>                                                          (0 + 1) / 1]
[2025-11-18T16:26:07.591+0000] {docker.py:429} INFO - 
[2025-11-18T16:26:08.410+0000] {docker.py:429} INFO - 2025-11-18 16:26:08,409 - INFO - Writing data to HDFS...
[2025-11-18T16:26:09.086+0000] {docker.py:429} INFO - 25/11/18 16:26:09 WARN AdminClientConfig: These configurations '[key.deserializer, value.deserializer, enable.auto.commit, max.poll.records, auto.offset.reset]' were supplied but are not used yet.
[2025-11-18T16:26:09.946+0000] {docker.py:429} INFO - [Stage 10:>                                                         (0 + 1) / 1]
[2025-11-18T16:27:10.065+0000] {docker.py:429} INFO - [Stage 10:>                                                         (0 + 1) / 1]
[2025-11-18T16:27:20.533+0000] {docker.py:429} INFO - 
[2025-11-18T16:27:20.682+0000] {docker.py:429} INFO - 2025-11-18 16:27:20,680 - INFO - Data successfully written to HDFS
2025-11-18 16:27:20,681 - INFO - Starting Spark Session creation...
2025-11-18 16:27:20,681 - INFO - Spark Session created successfully
2025-11-18 16:27:20,681 - INFO - Reading data from Kafka topic 'historical_prices'...
[2025-11-18T16:27:20.706+0000] {docker.py:429} INFO - 25/11/18 16:27:20 WARN AdminClientConfig: These configurations '[key.deserializer, value.deserializer, enable.auto.commit, max.poll.records, auto.offset.reset]' were supplied but are not used yet.
[2025-11-18T16:27:21.273+0000] {docker.py:429} INFO - [Stage 11:>                                                         (0 + 1) / 1]
[2025-11-18T16:27:21.396+0000] {docker.py:429} INFO - 
[2025-11-18T16:27:21.397+0000] {docker.py:429} INFO - 2025-11-18 16:27:21,396 - INFO - Read 251 records from Kafka
2025-11-18 16:27:21,396 - INFO - Parsing JSON data with schema...
[2025-11-18T16:27:21.426+0000] {docker.py:429} INFO - 25/11/18 16:27:21 WARN AdminClientConfig: These configurations '[key.deserializer, value.deserializer, enable.auto.commit, max.poll.records, auto.offset.reset]' were supplied but are not used yet.
[2025-11-18T16:27:22.093+0000] {docker.py:429} INFO - 2025-11-18 16:27:22,091 - INFO - Parsed 251 records successfully
2025-11-18 16:27:22,092 - INFO - Processing timestamps and creating partitions...
[2025-11-18T16:27:22.140+0000] {docker.py:429} INFO - 25/11/18 16:27:22 WARN AdminClientConfig: These configurations '[key.deserializer, value.deserializer, enable.auto.commit, max.poll.records, auto.offset.reset]' were supplied but are not used yet.
[2025-11-18T16:27:22.808+0000] {docker.py:429} INFO - 2025-11-18 16:27:22,807 - INFO - Processed 251 records with partitioning columns
2025-11-18 16:27:22,807 - INFO - Sample of processed data:
[2025-11-18T16:27:22.827+0000] {docker.py:429} INFO - 25/11/18 16:27:22 WARN AdminClientConfig: These configurations '[key.deserializer, value.deserializer, enable.auto.commit, max.poll.records, auto.offset.reset]' were supplied but are not used yet.
[2025-11-18T16:27:23.457+0000] {docker.py:429} INFO - 2025-11-18 16:27:23,456 - INFO - Writing data to HDFS...
[2025-11-18T16:27:23.480+0000] {docker.py:429} INFO - 25/11/18 16:27:23 WARN AdminClientConfig: These configurations '[key.deserializer, value.deserializer, enable.auto.commit, max.poll.records, auto.offset.reset]' were supplied but are not used yet.
[2025-11-18T16:27:24.075+0000] {docker.py:429} INFO - [Stage 21:>                                                         (0 + 1) / 1]
[2025-11-18T16:28:24.146+0000] {docker.py:429} INFO - [Stage 21:>                                                         (0 + 1) / 1]
[2025-11-18T16:29:00.311+0000] {docker.py:429} INFO - 
[2025-11-18T16:29:00.338+0000] {docker.py:429} INFO - 2025-11-18 16:29:00,337 - INFO - Data successfully written to HDFS
2025-11-18 16:29:00,337 - INFO - Starting Spark Session creation...
2025-11-18 16:29:00,337 - INFO - Spark Session created successfully
2025-11-18 16:29:00,337 - INFO - Reading data from Kafka topic 'historical_prices'...
[2025-11-18T16:29:00.360+0000] {docker.py:429} INFO - 25/11/18 16:29:00 WARN AdminClientConfig: These configurations '[key.deserializer, value.deserializer, enable.auto.commit, max.poll.records, auto.offset.reset]' were supplied but are not used yet.
[2025-11-18T16:29:01.028+0000] {docker.py:429} INFO - 2025-11-18 16:29:01,027 - INFO - Read 251 records from Kafka
2025-11-18 16:29:01,027 - INFO - Parsing JSON data with schema...
[2025-11-18T16:29:01.055+0000] {docker.py:429} INFO - 25/11/18 16:29:01 WARN AdminClientConfig: These configurations '[key.deserializer, value.deserializer, enable.auto.commit, max.poll.records, auto.offset.reset]' were supplied but are not used yet.
[2025-11-18T16:29:01.720+0000] {docker.py:429} INFO - 2025-11-18 16:29:01,719 - INFO - Parsed 251 records successfully
2025-11-18 16:29:01,719 - INFO - Processing timestamps and creating partitions...
[2025-11-18T16:29:01.766+0000] {docker.py:429} INFO - 25/11/18 16:29:01 WARN AdminClientConfig: These configurations '[key.deserializer, value.deserializer, enable.auto.commit, max.poll.records, auto.offset.reset]' were supplied but are not used yet.
[2025-11-18T16:29:02.430+0000] {docker.py:429} INFO - 2025-11-18 16:29:02,429 - INFO - Processed 251 records with partitioning columns
2025-11-18 16:29:02,429 - INFO - Sample of processed data:
[2025-11-18T16:29:02.452+0000] {docker.py:429} INFO - 25/11/18 16:29:02 WARN AdminClientConfig: These configurations '[key.deserializer, value.deserializer, enable.auto.commit, max.poll.records, auto.offset.reset]' were supplied but are not used yet.
[2025-11-18T16:29:03.098+0000] {docker.py:429} INFO - 2025-11-18 16:29:03,097 - INFO - Writing data to HDFS...
[2025-11-18T16:29:03.125+0000] {docker.py:429} INFO - 25/11/18 16:29:03 WARN AdminClientConfig: These configurations '[key.deserializer, value.deserializer, enable.auto.commit, max.poll.records, auto.offset.reset]' were supplied but are not used yet.
[2025-11-18T16:29:03.796+0000] {docker.py:429} INFO - [Stage 32:>                                                         (0 + 1) / 1]
