[2025-11-18T15:18:22.578+0000] {taskinstance.py:1956} INFO - Dependencies all met for dep_context=non-requeueable deps ti=<TaskInstance: training_pipeline.stop_model_service manual__2025-11-18T15:18:21.335587+00:00 [queued]>
[2025-11-18T15:18:22.590+0000] {taskinstance.py:1956} INFO - Dependencies all met for dep_context=requeueable deps ti=<TaskInstance: training_pipeline.stop_model_service manual__2025-11-18T15:18:21.335587+00:00 [queued]>
[2025-11-18T15:18:22.591+0000] {taskinstance.py:2170} INFO - Starting attempt 1 of 1
[2025-11-18T15:18:22.604+0000] {taskinstance.py:2191} INFO - Executing <Task(BashOperator): stop_model_service> on 2025-11-18 15:18:21.335587+00:00
[2025-11-18T15:18:22.612+0000] {standard_task_runner.py:60} INFO - Started process 209 to run task
[2025-11-18T15:18:22.616+0000] {standard_task_runner.py:87} INFO - Running: ['***', 'tasks', 'run', 'training_pipeline', 'stop_model_service', 'manual__2025-11-18T15:18:21.335587+00:00', '--job-id', '3', '--raw', '--subdir', 'DAGS_FOLDER/train.py', '--cfg-path', '/tmp/tmp2igz_1fk']
[2025-11-18T15:18:22.618+0000] {standard_task_runner.py:88} INFO - Job 3: Subtask stop_model_service
[2025-11-18T15:18:22.663+0000] {task_command.py:423} INFO - Running <TaskInstance: training_pipeline.stop_model_service manual__2025-11-18T15:18:21.335587+00:00 [running]> on host 82a620fda11f
[2025-11-18T15:18:22.766+0000] {taskinstance.py:2480} INFO - Exporting env vars: AIRFLOW_CTX_DAG_OWNER='***' AIRFLOW_CTX_DAG_ID='training_pipeline' AIRFLOW_CTX_TASK_ID='stop_model_service' AIRFLOW_CTX_EXECUTION_DATE='2025-11-18T15:18:21.335587+00:00' AIRFLOW_CTX_TRY_NUMBER='1' AIRFLOW_CTX_DAG_RUN_ID='manual__2025-11-18T15:18:21.335587+00:00'
[2025-11-18T15:18:22.775+0000] {subprocess.py:63} INFO - Tmp dir root location: /tmp
[2025-11-18T15:18:22.777+0000] {subprocess.py:75} INFO - Running command: ['/usr/bin/bash', '-c', 'docker stop model-service-gspc model-service-xom model-service-bp model-service-cvx']
[2025-11-18T15:18:22.793+0000] {subprocess.py:86} INFO - Output:
[2025-11-18T15:18:22.894+0000] {subprocess.py:93} INFO - Error response from daemon: No such container: model-service-gspc
[2025-11-18T15:18:22.896+0000] {subprocess.py:93} INFO - Error response from daemon: No such container: model-service-xom
[2025-11-18T15:18:22.896+0000] {subprocess.py:93} INFO - Error response from daemon: No such container: model-service-bp
[2025-11-18T15:18:22.897+0000] {subprocess.py:93} INFO - Error response from daemon: No such container: model-service-cvx
[2025-11-18T15:18:22.898+0000] {subprocess.py:97} INFO - Command exited with return code 1
[2025-11-18T15:18:22.909+0000] {taskinstance.py:2698} ERROR - Task failed with exception
Traceback (most recent call last):
  File "/home/airflow/.local/lib/python3.8/site-packages/airflow/models/taskinstance.py", line 433, in _execute_task
    result = execute_callable(context=context, **execute_callable_kwargs)
  File "/home/airflow/.local/lib/python3.8/site-packages/airflow/operators/bash.py", line 212, in execute
    raise AirflowException(
airflow.exceptions.AirflowException: Bash command failed. The command returned a non-zero exit code 1.
[2025-11-18T15:18:22.912+0000] {taskinstance.py:1138} INFO - Marking task as FAILED. dag_id=training_pipeline, task_id=stop_model_service, execution_date=20251118T151821, start_date=20251118T151822, end_date=20251118T151822
[2025-11-18T15:18:22.928+0000] {standard_task_runner.py:107} ERROR - Failed to execute job 3 for task stop_model_service (Bash command failed. The command returned a non-zero exit code 1.; 209)
[2025-11-18T15:18:22.950+0000] {local_task_job_runner.py:234} INFO - Task exited with return code 1
[2025-11-18T15:18:22.975+0000] {taskinstance.py:3280} INFO - 0 downstream tasks scheduled from follow-on schedule check
