[2025-11-18T15:40:21.454+0000] {taskinstance.py:1956} INFO - Dependencies all met for dep_context=non-requeueable deps ti=<TaskInstance: training_pipeline.stop_model_service manual__2025-11-18T15:18:21.335587+00:00 [queued]>
[2025-11-18T15:40:21.463+0000] {taskinstance.py:1956} INFO - Dependencies all met for dep_context=requeueable deps ti=<TaskInstance: training_pipeline.stop_model_service manual__2025-11-18T15:18:21.335587+00:00 [queued]>
[2025-11-18T15:40:21.465+0000] {taskinstance.py:2170} INFO - Starting attempt 2 of 2
[2025-11-18T15:40:21.478+0000] {taskinstance.py:2191} INFO - Executing <Task(BashOperator): stop_model_service> on 2025-11-18 15:18:21.335587+00:00
[2025-11-18T15:40:21.485+0000] {standard_task_runner.py:60} INFO - Started process 239 to run task
[2025-11-18T15:40:21.488+0000] {standard_task_runner.py:87} INFO - Running: ['***', 'tasks', 'run', 'training_pipeline', 'stop_model_service', 'manual__2025-11-18T15:18:21.335587+00:00', '--job-id', '10', '--raw', '--subdir', 'DAGS_FOLDER/train.py', '--cfg-path', '/tmp/tmpeww4xkls']
[2025-11-18T15:40:21.490+0000] {standard_task_runner.py:88} INFO - Job 10: Subtask stop_model_service
[2025-11-18T15:40:21.534+0000] {task_command.py:423} INFO - Running <TaskInstance: training_pipeline.stop_model_service manual__2025-11-18T15:18:21.335587+00:00 [running]> on host f1b6f4ec9a82
[2025-11-18T15:40:21.600+0000] {taskinstance.py:2480} INFO - Exporting env vars: AIRFLOW_CTX_DAG_OWNER='***' AIRFLOW_CTX_DAG_ID='training_pipeline' AIRFLOW_CTX_TASK_ID='stop_model_service' AIRFLOW_CTX_EXECUTION_DATE='2025-11-18T15:18:21.335587+00:00' AIRFLOW_CTX_TRY_NUMBER='2' AIRFLOW_CTX_DAG_RUN_ID='manual__2025-11-18T15:18:21.335587+00:00'
[2025-11-18T15:40:21.602+0000] {subprocess.py:63} INFO - Tmp dir root location: /tmp
[2025-11-18T15:40:21.603+0000] {subprocess.py:75} INFO - Running command: ['/usr/bin/bash', '-c', 'docker stop model-service-gspc model-service-xom model-service-bp model-service-cvx']
[2025-11-18T15:40:21.618+0000] {subprocess.py:86} INFO - Output:
[2025-11-18T15:40:23.652+0000] {subprocess.py:93} INFO - model-service-gspc
[2025-11-18T15:40:24.026+0000] {subprocess.py:93} INFO - model-service-xom
[2025-11-18T15:40:24.353+0000] {subprocess.py:93} INFO - model-service-bp
[2025-11-18T15:40:24.517+0000] {subprocess.py:93} INFO - model-service-cvx
[2025-11-18T15:40:24.520+0000] {subprocess.py:97} INFO - Command exited with return code 0
[2025-11-18T15:40:24.549+0000] {taskinstance.py:1138} INFO - Marking task as SUCCESS. dag_id=training_pipeline, task_id=stop_model_service, execution_date=20251118T151821, start_date=20251118T154021, end_date=20251118T154024
[2025-11-18T15:40:24.591+0000] {local_task_job_runner.py:234} INFO - Task exited with return code 0
[2025-11-18T15:40:24.621+0000] {taskinstance.py:3280} INFO - 1 downstream tasks scheduled from follow-on schedule check
